<?xml version="1.0" encoding="UTF-8"?>
<testng-results ignored="0" total="1" passed="1" failed="0" skipped="0">
  <reporter-output>
  </reporter-output>
  <suite started-at="2023-11-22T18:56:44 CST" name="Regression Suite" finished-at="2023-11-22T18:56:49 CST" duration-ms="4863">
    <groups>
    </groups>
    <test started-at="2023-11-22T18:56:44 CST" name="chrome browser Test" finished-at="2023-11-22T18:56:49 CST" duration-ms="4863">
      <class name="tests.LoginTest_ForgotPassword_TC_4B">
        <test-method is-config="true" signature="setDriver(java.lang.String,boolean)[pri:0, instance:tests.LoginTest_ForgotPassword_TC_4B@29d2d081]" started-at="2023-11-22T18:56:44 CST" name="setDriver" finished-at="2023-11-22T18:56:46 CST" duration-ms="2325" status="PASS">
          <params>
            <param index="0">
              <value>
                <![CDATA[chrome]]>
              </value>
            </param>
            <param index="1">
              <value>
                <![CDATA[false]]>
              </value>
            </param>
          </params>
          <reporter-output>
          </reporter-output>
        </test-method> <!-- setDriver -->
        <test-method is-config="true" signature="setUp(java.lang.reflect.Method)[pri:0, instance:tests.LoginTest_ForgotPassword_TC_4B@29d2d081]" started-at="2023-11-22T18:56:46 CST" name="setUp" finished-at="2023-11-22T18:56:46 CST" duration-ms="7" status="PASS">
          <params>
            <param index="0">
              <value>
                <![CDATA[public void tests.LoginTest_ForgotPassword_TC_4B.TC4B() throws java.io.IOException]]>
              </value>
            </param>
          </params>
          <reporter-output>
          </reporter-output>
        </test-method> <!-- setUp -->
        <test-method signature="TC4B()[pri:0, instance:tests.LoginTest_ForgotPassword_TC_4B@29d2d081]" started-at="2023-11-22T18:56:46 CST" name="TC4B" finished-at="2023-11-22T18:56:48 CST" duration-ms="1865" status="PASS">
          <reporter-output>
          </reporter-output>
        </test-method> <!-- TC4B -->
        <test-method is-config="true" signature="tearDown()[pri:0, instance:tests.LoginTest_ForgotPassword_TC_4B@29d2d081]" started-at="2023-11-22T18:56:48 CST" name="tearDown" finished-at="2023-11-22T18:56:48 CST" duration-ms="0" status="PASS">
          <reporter-output>
          </reporter-output>
        </test-method> <!-- tearDown -->
        <test-method is-config="true" signature="removeDriver()[pri:0, instance:tests.LoginTest_ForgotPassword_TC_4B@29d2d081]" started-at="2023-11-22T18:56:48 CST" name="removeDriver" finished-at="2023-11-22T18:56:49 CST" duration-ms="625" status="PASS">
          <reporter-output>
          </reporter-output>
        </test-method> <!-- removeDriver -->
      </class> <!-- tests.LoginTest_ForgotPassword_TC_4B -->
    </test> <!-- chrome browser Test -->
  </suite> <!-- Regression Suite -->
</testng-results>
