<?xml version="1.0" encoding="UTF-8"?>
<testng-results ignored="0" total="1" passed="1" failed="0" skipped="0">
  <reporter-output>
  </reporter-output>
  <suite started-at="2023-11-20T14:35:11 CST" name="Default suite" finished-at="2023-11-20T14:35:43 CST" duration-ms="32675">
    <groups>
    </groups>
    <test started-at="2023-11-20T14:35:11 CST" name="Default test" finished-at="2023-11-20T14:35:43 CST" duration-ms="32675">
      <class name="tests.UserMenuTest_MyProfile_TC_6">
        <test-method is-config="true" signature="setDriver()[pri:0, instance:tests.UserMenuTest_MyProfile_TC_6@255990cc]" started-at="2023-11-20T14:35:11 CST" name="setDriver" finished-at="2023-11-20T14:35:15 CST" duration-ms="3870" status="PASS">
          <reporter-output>
          </reporter-output>
        </test-method> <!-- setDriver -->
        <test-method is-config="true" signature="navigateToHome()[pri:0, instance:tests.UserMenuTest_MyProfile_TC_6@255990cc]" started-at="2023-11-20T14:35:15 CST" name="navigateToHome" finished-at="2023-11-20T14:35:19 CST" duration-ms="3923" status="PASS">
          <reporter-output>
          </reporter-output>
        </test-method> <!-- navigateToHome -->
        <test-method is-config="true" signature="setUp(java.lang.reflect.Method)[pri:0, instance:tests.UserMenuTest_MyProfile_TC_6@255990cc]" started-at="2023-11-20T14:35:19 CST" name="setUp" finished-at="2023-11-20T14:35:19 CST" duration-ms="10" status="PASS">
          <params>
            <param index="0">
              <value>
                <![CDATA[public void tests.UserMenuTest_MyProfile_TC_6.userMenuDropdown_MyProfile_TC_6(java.lang.reflect.Method) throws java.io.IOException,java.lang.InterruptedException]]>
              </value>
            </param>
          </params>
          <reporter-output>
          </reporter-output>
        </test-method> <!-- setUp -->
        <test-method signature="userMenuDropdown_MyProfile_TC_6(java.lang.reflect.Method)[pri:0, instance:tests.UserMenuTest_MyProfile_TC_6@255990cc]" started-at="2023-11-20T14:35:19 CST" name="userMenuDropdown_MyProfile_TC_6" finished-at="2023-11-20T14:35:43 CST" duration-ms="23943" status="PASS">
          <params>
            <param index="0">
              <value>
                <![CDATA[public void tests.UserMenuTest_MyProfile_TC_6.userMenuDropdown_MyProfile_TC_6(java.lang.reflect.Method) throws java.io.IOException,java.lang.InterruptedException]]>
              </value>
            </param>
          </params>
          <reporter-output>
          </reporter-output>
        </test-method> <!-- userMenuDropdown_MyProfile_TC_6 -->
        <test-method is-config="true" signature="tearDown()[pri:0, instance:tests.UserMenuTest_MyProfile_TC_6@255990cc]" started-at="2023-11-20T14:35:43 CST" name="tearDown" finished-at="2023-11-20T14:35:43 CST" duration-ms="0" status="PASS">
          <reporter-output>
          </reporter-output>
        </test-method> <!-- tearDown -->
        <test-method is-config="true" signature="removeDriver()[pri:0, instance:tests.UserMenuTest_MyProfile_TC_6@255990cc]" started-at="2023-11-20T14:35:43 CST" name="removeDriver" finished-at="2023-11-20T14:35:43 CST" duration-ms="872" status="PASS">
          <reporter-output>
          </reporter-output>
        </test-method> <!-- removeDriver -->
      </class> <!-- tests.UserMenuTest_MyProfile_TC_6 -->
    </test> <!-- Default test -->
  </suite> <!-- Default suite -->
</testng-results>
